c:\users\danir\source\repos\gestor de viajes\gestor de viajes\x64\debug\gestordeviajes.obj
c:\users\danir\source\repos\gestor de viajes\gestor de viajes\x64\debug\employee.obj
c:\users\danir\source\repos\gestor de viajes\gestor de viajes\x64\debug\travelmanager.obj
c:\users\danir\source\repos\gestor de viajes\gestor de viajes\x64\debug\moc_gestordeviajes.obj
c:\users\danir\source\repos\gestor de viajes\gestor de viajes\x64\debug\main.obj
c:\users\danir\source\repos\gestor de viajes\gestor de viajes\x64\debug\employeemanager.obj
c:\users\danir\source\repos\gestor de viajes\gestor de viajes\x64\debug\travel.obj
c:\users\danir\source\repos\gestor de viajes\gestor de viajes\x64\debug\qrc_gestordeviajes.obj
c:\users\danir\source\repos\gestor de viajes\gestor de viajes\x64\debug\vc141.pdb
c:\users\danir\source\repos\gestor de viajes\gestor de viajes\x64\debug\database.obj
c:\users\danir\source\repos\danielrello\gestordeviajes\gestor de viajes\gestor de viajes\x64\debug\main.obj
c:\users\danir\source\repos\danielrello\gestordeviajes\gestor de viajes\gestor de viajes\x64\debug\moc_gestordeviajes.obj
c:\users\danir\source\repos\danielrello\gestordeviajes\gestor de viajes\gestor de viajes\x64\debug\database.obj
c:\users\danir\source\repos\danielrello\gestordeviajes\gestor de viajes\gestor de viajes\x64\debug\travel.obj
c:\users\danir\source\repos\danielrello\gestordeviajes\gestor de viajes\gestor de viajes\x64\debug\travelmanager.obj
c:\users\danir\source\repos\danielrello\gestordeviajes\gestor de viajes\gestor de viajes\x64\debug\qrc_gestordeviajes.obj
c:\users\danir\source\repos\danielrello\gestordeviajes\gestor de viajes\gestor de viajes\x64\debug\gestordeviajes.obj
c:\users\danir\source\repos\danielrello\gestordeviajes\gestor de viajes\gestor de viajes\x64\debug\employee.obj
c:\users\danir\source\repos\danielrello\gestordeviajes\gestor de viajes\gestor de viajes\x64\debug\employeemanager.obj
c:\users\danir\source\repos\danielrello\gestordeviajes\gestor de viajes\gestor de viajes\x64\debug\vc141.pdb
c:\users\danir\source\repos\gestor de viajes\gestor de viajes\generatedfiles\ui_gestordeviajes.h
c:\users\danir\source\repos\gestor de viajes\gestor de viajes\generatedfiles\qrc_gestordeviajes.cpp
c:\users\danir\source\repos\gestor de viajes\gestor de viajes\generatedfiles\debug\moc_gestordeviajes.cpp
c:\users\danir\source\repos\danielrello\gestordeviajes\gestor de viajes\gestor de viajes\generatedfiles\ui_gestordeviajes.h
c:\users\danir\source\repos\danielrello\gestordeviajes\gestor de viajes\gestor de viajes\generatedfiles\qrc_gestordeviajes.cpp
c:\users\danir\source\repos\danielrello\gestordeviajes\gestor de viajes\gestor de viajes\generatedfiles\debug\moc_gestordeviajes.cpp
c:\users\danir\source\repos\gestor de viajes\x64\debug\gestor de viajes.exe
c:\users\danir\source\repos\gestor de viajes\x64\debug\gestor de viajes.ilk
c:\users\danir\source\repos\gestor de viajes\x64\debug\gestor de viajes.pdb
c:\users\danir\source\repos\danielrello\gestordeviajes\gestor de viajes\x64\debug\gestor de viajes.exe
c:\users\danir\source\repos\danielrello\gestordeviajes\gestor de viajes\x64\debug\gestor de viajes.ilk
c:\users\danir\source\repos\danielrello\gestordeviajes\gestor de viajes\x64\debug\gestor de viajes.pdb
c:\users\danir\source\repos\danielrello\gestordeviajes\gestor de viajes\gestor de viajes\.\generatedfiles\debug\moc_gestordeviajes.cpp
c:\users\danir\source\repos\danielrello\gestordeviajes\gestor de viajes\gestor de viajes\.\generatedfiles\qrc_gestordeviajes.cpp
c:\users\danir\source\repos\danielrello\gestordeviajes\gestor de viajes\gestor de viajes\.\generatedfiles\ui_gestordeviajes.h
c:\users\danir\source\repos\danielrello\gestordeviajes\gestor de viajes\gestor de viajes\x64\debug\gestor de viajes.tlog\cl.command.1.tlog
c:\users\danir\source\repos\danielrello\gestordeviajes\gestor de viajes\gestor de viajes\x64\debug\gestor de viajes.tlog\cl.read.1.tlog
c:\users\danir\source\repos\danielrello\gestordeviajes\gestor de viajes\gestor de viajes\x64\debug\gestor de viajes.tlog\cl.write.1.tlog
c:\users\danir\source\repos\danielrello\gestordeviajes\gestor de viajes\gestor de viajes\x64\debug\gestor de viajes.tlog\gestor de viajes.write.1u.tlog
c:\users\danir\source\repos\danielrello\gestordeviajes\gestor de viajes\gestor de viajes\x64\debug\gestor de viajes.tlog\link.command.1.tlog
c:\users\danir\source\repos\danielrello\gestordeviajes\gestor de viajes\gestor de viajes\x64\debug\gestor de viajes.tlog\link.read.1.tlog
c:\users\danir\source\repos\danielrello\gestordeviajes\gestor de viajes\gestor de viajes\x64\debug\gestor de viajes.tlog\link.write.1.tlog
c:\users\danir\source\repos\danielrello\gestordeviajes\gestor de viajes\gestor de viajes\x64\debug\gestor de viajes.tlog\moc.read.1u.tlog
c:\users\danir\source\repos\danielrello\gestordeviajes\gestor de viajes\gestor de viajes\x64\debug\gestor de viajes.tlog\moc.write.1u.tlog
c:\users\danir\source\repos\danielrello\gestordeviajes\gestor de viajes\gestor de viajes\x64\debug\gestor de viajes.tlog\rcc.read.1u.tlog
c:\users\danir\source\repos\danielrello\gestordeviajes\gestor de viajes\gestor de viajes\x64\debug\gestor de viajes.tlog\rcc.write.1u.tlog
c:\users\danir\source\repos\danielrello\gestordeviajes\gestor de viajes\gestor de viajes\x64\debug\gestor de viajes.tlog\uic.read.1u.tlog
c:\users\danir\source\repos\danielrello\gestordeviajes\gestor de viajes\gestor de viajes\x64\debug\gestor de viajes.tlog\uic.write.1u.tlog
